info it worked if it ends with ok
verbose cli [ 'C:\\Program Files (x86)\\nodejs\\\\node.exe',
verbose cli   'C:\\Program Files (x86)\\nodejs\\node_modules\\npm\\bin\\npm-cli.js',
verbose cli   'publish',
verbose cli   'nodeigniter' ]
info using npm@1.1.0-beta-10
info using node@v0.6.7
verbose config file C:\Users\Developer\.npmrc
verbose config file C:\Program Files (x86)\nodejs\etc\npmrc
verbose config file C:\Program Files (x86)\nodejs\node_modules\npm\npmrc
verbose mkdir done: C:\Users\Developer\AppData\Roaming\npm 755
verbose publish [ 'nodeigniter' ]
verbose cache add [ 'nodeigniter', null ]
silly cache add: name, spec, args [ undefined, 'nodeigniter', [ 'nodeigniter', null ] ]
verbose parsed url { pathname: 'nodeigniter',
verbose parsed url   path: 'nodeigniter',
verbose parsed url   href: 'nodeigniter' }
verbose addNamed [ 'nodeigniter', '' ]
verbose addNamed [ null, '' ]
silly name, range, hasData [ 'nodeigniter', '', false ]
verbose raw, before any munging nodeigniter
verbose url resolving [ 'https://registry.npmjs.org/', './nodeigniter' ]
verbose url resolved https://registry.npmjs.org/nodeigniter
http GET https://registry.npmjs.org/nodeigniter
http 404 https://registry.npmjs.org/nodeigniter
silly get cb [ 404,
silly get cb   { server: 'CouchDB/1.2.0 (Erlang OTP/R15B)',
silly get cb     date: 'Thu, 22 Mar 2012 05:52:33 GMT',
silly get cb     'content-type': 'application/json',
silly get cb     'content-length': '52',
silly get cb     'cache-control': 'must-revalidate' } ]
ERR! 404 'nodeigniter' is not in the npm registry.
ERR! 404 You could maybe bug the author to publish it
ERR! 404 Note that you can also install from a tarball or folder.
ERR! 
ERR! System Windows_NT 6.1.7600
ERR! command "C:\\Program Files (x86)\\nodejs\\\\node.exe" "C:\\Program Files (x86)\\nodejs\\node_modules\\npm\\bin\\npm-cli.js" "publish" "nodeigniter"
ERR! cwd C:\wamp\www\nodeigniter
ERR! node -v v0.6.7
ERR! npm -v 1.1.0-beta-10
ERR! code E404
ERR! message 404 Not Found: nodeigniter
verbose exit [ 1, true ]
